Saved modules: 12
==========
Module saved objects: 5
Module post init: 
----------
Module saved objects: 3
Module post init: 
----------
Module saved objects: 11
Module post init: 
----------
Module saved objects: 15
Module post init: 
----------
Module saved objects: 95
Module post init: 
----------
Module saved objects: 7
Module post init: 
----------
Module saved objects: 18
Module post init: 
----------
Module saved objects: 35
Module post init: 
----------
Module saved objects: 15
Module post init: 
----------
Module saved objects: 32
Module post init: 
----------
Module saved objects: 4
Module post init: 
----------
Module saved objects: 9
Module post init: 
----------
Saved objects: 249