Saved modules: 22
==========
Module saved objects: 10
Module post init: 
----------
Module saved objects: 38
Module post init: 
----------
Module saved objects: 521
Module post init: 
----------
Module saved objects: 84
Module post init: 
----------
Module saved objects: 39
Module post init: 
----------
Module saved objects: 163
Module post init: 
----------
Module saved objects: 21
Module post init: 
----------
Module saved objects: 13
Module post init: 
----------
Module saved objects: 71
Module post init: 
----------
Module saved objects: 111
Module post init: 
----------
Module saved objects: 316
Module post init: 
----------
Module saved objects: 134
Module post init: _this call Krzyc_fnc_additionalObjects
----------
Module saved objects: 65
Module post init: 
----------
Module saved objects: 322
Module post init: 
----------
Module saved objects: 172
Module post init: 
----------
Module saved objects: 49
Module post init: 
----------
Module saved objects: 49
Module post init: 
----------
Module saved objects: 37
Module post init: 
----------
Module saved objects: 57
Module post init: 
----------
Module saved objects: 31
Module post init: 
----------
Module saved objects: 45
Module post init: 
----------
Module saved objects: 203
Module post init: 
----------
Saved objects: 2551