Saved modules: 39
==========
Module saved objects: 4
Module post init: 
----------
Module saved objects: 7
Module post init: 
----------
Module saved objects: 16
Module post init: 
----------
Module saved objects: 4
Module post init: 
----------
Module saved objects: 4
Module post init: 
----------
Module saved objects: 4
Module post init: 
----------
Module saved objects: 3
Module post init: 
----------
Module saved objects: 1
Module post init: 
----------
Module saved objects: 3
Module post init: 
----------
Module saved objects: 4
Module post init: 
----------
Module saved objects: 10
Module post init: 
----------
Module saved objects: 4
Module post init: 
----------
Module saved objects: 4
Module post init: 
----------
Module saved objects: 4
Module post init: 
----------
Module saved objects: 7
Module post init: 
----------
Module saved objects: 96
Module post init: 
----------
Module saved objects: 9
Module post init: 
----------
Module saved objects: 2
Module post init: 
----------
Module saved objects: 11
Module post init: 
----------
Module saved objects: 26
Module post init: 
----------
Module saved objects: 8
Module post init: 
----------
Module saved objects: 7
Module post init: 
----------
Module saved objects: 1
Module post init: 
----------
Module saved objects: 3
Module post init: 
----------
Module saved objects: 15
Module post init: 
----------
Module saved objects: 23
Module post init: 
----------
Module saved objects: 6
Module post init: 
----------
Module saved objects: 100
Module post init: 
----------
Module saved objects: 9
Module post init: 
----------
Module saved objects: 1
Module post init: 
----------
Module saved objects: 10
Module post init: 
----------
Module saved objects: 2
Module post init: 
----------
Module saved objects: 2
Module post init: 
----------
Module saved objects: 3
Module post init: 
----------
Module saved objects: 10
Module post init: 
----------
Module saved objects: 1
Module post init: 
----------
Module saved objects: 13
Module post init: 
----------
Module saved objects: 1
Module post init: 
----------
Module saved objects: 3
Module post init: 
----------
Saved objects: 441