Saved modules: 19
==========
Module saved objects: 30
Module post init: 
----------
Module saved objects: 30
Module post init: 
----------
Module saved objects: 30
Module post init: 
----------
Module saved objects: 8
Module post init: 
----------
Module saved objects: 243
Module post init: 
----------
Module saved objects: 175
Module post init: 
----------
Module saved objects: 247
Module post init: 
----------
Module saved objects: 175
Module post init: 
----------
Module saved objects: 175
Module post init: 
----------
Module saved objects: 37
Module post init: 
----------
Module saved objects: 63
Module post init: 
----------
Module saved objects: 28
Module post init: 
----------
Module saved objects: 29
Module post init: 
----------
Module saved objects: 31
Module post init: 
----------
Module saved objects: 7
Module post init: 
----------
Module saved objects: 104
Module post init: 
----------
Module saved objects: 25
Module post init: 
----------
Module saved objects: 29
Module post init: 
----------
Module saved objects: 10
Module post init: 
----------
Saved objects: 1476