Saved modules: 16
==========
Module saved objects: 8
Module post init: 
----------
Module saved objects: 7
Module post init: 
----------
Module saved objects: 92
Module post init: 
----------
Module saved objects: 15
Module post init: 
----------
Module saved objects: 18
Module post init: 
----------
Module saved objects: 23
Module post init: 
----------
Module saved objects: 98
Module post init: 
----------
Module saved objects: 20
Module post init: 
----------
Module saved objects: 20
Module post init: 
----------
Module saved objects: 20
Module post init: 
----------
Module saved objects: 20
Module post init: 
----------
Module saved objects: 20
Module post init: 
----------
Module saved objects: 81
Module post init: 
----------
Module saved objects: 95
Module post init: 
----------
Module saved objects: 20
Module post init: 
----------
Module saved objects: 99
Module post init: 
----------
Saved objects: 656