Saved modules: 26
==========
Module saved objects: 8
Module post init: 
----------
Module saved objects: 10
Module post init: 
----------
Module saved objects: 11
Module post init: 
----------
Module saved objects: 7
Module post init: 
----------
Module saved objects: 238
Module post init: 
----------
Module saved objects: 248
Module post init: 
----------
Module saved objects: 611
Module post init: 
----------
Module saved objects: 625
Module post init: 
----------
Module saved objects: 215
Module post init: 
----------
Module saved objects: 44
Module post init: 
----------
Module saved objects: 123
Module post init: 
----------
Module saved objects: 123
Module post init: 
----------
Module saved objects: 6
Module post init: 
----------
Module saved objects: 22
Module post init: 
----------
Module saved objects: 11
Module post init: 
----------
Module saved objects: 193
Module post init: 
----------
Module saved objects: 114
Module post init: 
----------
Module saved objects: 112
Module post init: 
----------
Module saved objects: 252
Module post init: 
----------
Module saved objects: 32
Module post init: 
----------
Module saved objects: 93
Module post init: 
----------
Module saved objects: 2
Module post init: 
----------
Module saved objects: 22
Module post init: 
----------
Module saved objects: 145
Module post init: 
----------
Module saved objects: 4
Module post init: 
----------
Module saved objects: 15
Module post init: 
----------
Saved objects: 3286