Saved modules: 14
==========
Module saved objects: 39
Module post init: 
----------
Module saved objects: 12
Module post init: 
----------
Module saved objects: 6
Module post init: 
----------
Module saved objects: 20
Module post init: 
----------
Module saved objects: 2
Module post init: 
----------
Module saved objects: 6
Module post init: 
----------
Module saved objects: 32
Module post init: 
----------
Module saved objects: 9
Module post init: 
----------
Module saved objects: 7
Module post init: 
----------
Module saved objects: 116
Module post init: 
----------
Module saved objects: 15
Module post init: 
----------
Module saved objects: 14
Module post init: 
----------
Module saved objects: 21
Module post init: 
----------
Module saved objects: 38
Module post init: 
----------
Saved objects: 337