Saved modules: 13
==========
Module saved objects: 39
Module post init: 
----------
Module saved objects: 125
Module post init: 
----------
Module saved objects: 28
Module post init: 
----------
Module saved objects: 162
Module post init: 
----------
Module saved objects: 20
Module post init: 
----------
Module saved objects: 6
Module post init: 
----------
Module saved objects: 103
Module post init: 
----------
Module saved objects: 79
Module post init: 
----------
Module saved objects: 93
Module post init: 
----------
Module saved objects: 211
Module post init: 
----------
Module saved objects: 177
Module post init: 
----------
Module saved objects: 8
Module post init: 
----------
Module saved objects: 1
Module post init: 
----------
Saved objects: 1052