Saved modules: 19
==========
Module saved objects: 106
Module post init: 
----------
Module saved objects: 126
Module post init: 
----------
Module saved objects: 85
Module post init: 
----------
Module saved objects: 160
Module post init: 
----------
Module saved objects: 72
Module post init: 
----------
Module saved objects: 39
Module post init: 
----------
Module saved objects: 12
Module post init: 
----------
Module saved objects: 13
Module post init: 
----------
Module saved objects: 32
Module post init: 
----------
Module saved objects: 44
Module post init: 
----------
Module saved objects: 49
Module post init: 
----------
Module saved objects: 18
Module post init: 
----------
Module saved objects: 21
Module post init: 
----------
Module saved objects: 12
Module post init: 
----------
Module saved objects: 17
Module post init: 
----------
Module saved objects: 31
Module post init: 
----------
Module saved objects: 92
Module post init: 
----------
Module saved objects: 22
Module post init: 
----------
Module saved objects: 12
Module post init: 
----------
Saved objects: 963