Saved modules: 21
==========
Module saved objects: 106
Module post init: 
----------
Module saved objects: 262
Module post init: 
----------
Module saved objects: 765
Module post init: 
----------
Module saved objects: 257
Module post init: 
----------
Module saved objects: 211
Module post init: 
----------
Module saved objects: 17
Module post init: 
----------
Module saved objects: 137
Module post init: 
----------
Module saved objects: 132
Module post init: 
----------
Module saved objects: 51
Module post init: 
----------
Module saved objects: 422
Module post init: 
----------
Module saved objects: 99
Module post init: 
----------
Module saved objects: 36
Module post init: 
----------
Module saved objects: 4
Module post init: 
----------
Module saved objects: 91
Module post init: 
----------
Module saved objects: 333
Module post init: 
----------
Module saved objects: 1023
Module post init: 
----------
Module saved objects: 139
Module post init: 
----------
Module saved objects: 27
Module post init: 
----------
Module saved objects: 519
Module post init: 
----------
Module saved objects: 16
Module post init: 
----------
Module saved objects: 158
Module post init: 
----------
Saved objects: 4805