Saved modules: 20
==========
Module saved objects: 23
Module post init: 
----------
Module saved objects: 12
Module post init: 
----------
Module saved objects: 23
Module post init: 
----------
Module saved objects: 6
Module post init: 
----------
Module saved objects: 12
Module post init: 
----------
Module saved objects: 12
Module post init: 
----------
Module saved objects: 23
Module post init: 
----------
Module saved objects: 9
Module post init: 
----------
Module saved objects: 7
Module post init: 
----------
Module saved objects: 6
Module post init: 
----------
Module saved objects: 8
Module post init: 
----------
Module saved objects: 8
Module post init: 
----------
Module saved objects: 10
Module post init: 
----------
Module saved objects: 19
Module post init: 
----------
Module saved objects: 7
Module post init: 
----------
Module saved objects: 11
Module post init: 
----------
Module saved objects: 3
Module post init: 
----------
Module saved objects: 3
Module post init: 
----------
Module saved objects: 4
Module post init: 
----------
Module saved objects: 2
Module post init: 
----------
Saved objects: 208