Saved modules: 15
==========
Module saved objects: 35
Module post init: 
----------
Module saved objects: 131
Module post init: 
----------
Module saved objects: 486
Module post init: 
----------
Module saved objects: 537
Module post init: 
----------
Module saved objects: 320
Module post init: 
----------
Module saved objects: 98
Module post init: 
----------
Module saved objects: 2530
Module post init: 
----------
Module saved objects: 5
Module post init: 
----------
Module saved objects: 33
Module post init: 
----------
Module saved objects: 75
Module post init: 
----------
Module saved objects: 241
Module post init: 
----------
Module saved objects: 3
Module post init: 
----------
Module saved objects: 6
Module post init: 
----------
Module saved objects: 2
Module post init: 
----------
Module saved objects: 78
Module post init: 
----------
Saved objects: 4580