Saved modules: 43
==========
Module saved objects: 36
Module post init: 
----------
Module saved objects: 35
Module post init: 
----------
Module saved objects: 95
Module post init: 
----------
Module saved objects: 113
Module post init: 
----------
Module saved objects: 31
Module post init: 
----------
Module saved objects: 17
Module post init: 
----------
Module saved objects: 39
Module post init: 
----------
Module saved objects: 122
Module post init: 
----------
Module saved objects: 2
Module post init: 
----------
Module saved objects: 14
Module post init: 
----------
Module saved objects: 14
Module post init: 
----------
Module saved objects: 14
Module post init: 
----------
Module saved objects: 14
Module post init: 
----------
Module saved objects: 14
Module post init: 
----------
Module saved objects: 14
Module post init: 
----------
Module saved objects: 14
Module post init: 
----------
Module saved objects: 14
Module post init: 
----------
Module saved objects: 14
Module post init: 
----------
Module saved objects: 14
Module post init: 
----------
Module saved objects: 28
Module post init: 
----------
Module saved objects: 14
Module post init: 
----------
Module saved objects: 14
Module post init: 
----------
Module saved objects: 28
Module post init: 
----------
Module saved objects: 15
Module post init: 
----------
Module saved objects: 14
Module post init: 
----------
Module saved objects: 14
Module post init: 
----------
Module saved objects: 14
Module post init: 
----------
Module saved objects: 14
Module post init: 
----------
Module saved objects: 14
Module post init: 
----------
Module saved objects: 14
Module post init: 
----------
Module saved objects: 15
Module post init: 
----------
Module saved objects: 15
Module post init: 
----------
Module saved objects: 14
Module post init: 
----------
Module saved objects: 14
Module post init: 
----------
Module saved objects: 14
Module post init: 
----------
Module saved objects: 34
Module post init: 
----------
Module saved objects: 59
Module post init: 
----------
Module saved objects: 28
Module post init: 
----------
Module saved objects: 28
Module post init: 
----------
Module saved objects: 33
Module post init: 
----------
Module saved objects: 69
Module post init: 
----------
Module saved objects: 1
Module post init: 
----------
Module saved objects: 18
Module post init: 
----------
Saved objects: 1155