Saved modules: 19
==========
Module saved objects: 107
Module post init: 
----------
Module saved objects: 60
Module post init: 
----------
Module saved objects: 75
Module post init: 
----------
Module saved objects: 80
Module post init: 
----------
Module saved objects: 90
Module post init: 
----------
Module saved objects: 78
Module post init: 
----------
Module saved objects: 115
Module post init: 
----------
Module saved objects: 123
Module post init: 
----------
Module saved objects: 162
Module post init: 
----------
Module saved objects: 55
Module post init: 
----------
Module saved objects: 64
Module post init: 
----------
Module saved objects: 19
Module post init: 
----------
Module saved objects: 64
Module post init: 
----------
Module saved objects: 76
Module post init: 
----------
Module saved objects: 7
Module post init: 
----------
Module saved objects: 5
Module post init: 
----------
Module saved objects: 28
Module post init: 
----------
Module saved objects: 2
Module post init: 
----------
Module saved objects: 14
Module post init: 
----------
Saved objects: 1224