Saved modules: 14
==========
Module saved objects: 20
Module post init: 
----------
Module saved objects: 26
Module post init: 
----------
Module saved objects: 9
Module post init: 
----------
Module saved objects: 5
Module post init: 
----------
Module saved objects: 5
Module post init: 
----------
Module saved objects: 8
Module post init: 
----------
Module saved objects: 143
Module post init: 
----------
Module saved objects: 24
Module post init: 
----------
Module saved objects: 29
Module post init: 
----------
Module saved objects: 12
Module post init: 
----------
Module saved objects: 10
Module post init: 
----------
Module saved objects: 20
Module post init: 
----------
Module saved objects: 29
Module post init: 
----------
Module saved objects: 85
Module post init: 
----------
Saved objects: 425