Saved modules: 9
==========
Module saved objects: 37
Module post init: 
----------
Module saved objects: 2
Module post init: 
----------
Module saved objects: 191
Module post init: 
----------
Module saved objects: 1
Module post init: 
----------
Module saved objects: 115
Module post init: 
----------
Module saved objects: 10
Module post init: 
----------
Module saved objects: 2
Module post init: 
----------
Module saved objects: 2
Module post init: 
----------
Module saved objects: 1
Module post init: 
----------
Saved objects: 361