Saved modules: 12
==========
Module saved objects: 59
Module post init: 
----------
Module saved objects: 14
Module post init: 
----------
Module saved objects: 33
Module post init: 
----------
Module saved objects: 170
Module post init: 
----------
Module saved objects: 120
Module post init: 
----------
Module saved objects: 103
Module post init: 
----------
Module saved objects: 11
Module post init: 
----------
Module saved objects: 302
Module post init: 
----------
Module saved objects: 409
Module post init: 
----------
Module saved objects: 5
Module post init: 
----------
Module saved objects: 5
Module post init: 
----------
Module saved objects: 5
Module post init: 
----------
Saved objects: 1236