Saved modules: 9
==========
Module saved objects: 276
Module post init: 
----------
Module saved objects: 13
Module post init: 
----------
Module saved objects: 51
Module post init: 
----------
Module saved objects: 33
Module post init: 
----------
Module saved objects: 156
Module post init: 
----------
Module saved objects: 149
Module post init: 
----------
Module saved objects: 4
Module post init: 
----------
Module saved objects: 23
Module post init: 
----------
Module saved objects: 22
Module post init: 
----------
Saved objects: 727