Saved modules: 9
==========
Module saved objects: 147
Module post init: 
----------
Module saved objects: 24
Module post init: 
----------
Module saved objects: 176
Module post init: 
----------
Module saved objects: 86
Module post init: 
----------
Module saved objects: 87
Module post init: 
----------
Module saved objects: 6
Module post init: 
----------
Module saved objects: 1
Module post init: 
----------
Module saved objects: 13
Module post init: 
----------
Module saved objects: 10
Module post init: 
----------
Saved objects: 550