Saved modules: 15
==========
Module saved objects: 78
Module post init: 
----------
Module saved objects: 156
Module post init: 
----------
Module saved objects: 104
Module post init: 
----------
Module saved objects: 156
Module post init: 
----------
Module saved objects: 364
Module post init: 
----------
Module saved objects: 61
Module post init: 
----------
Module saved objects: 69
Module post init: 
----------
Module saved objects: 21
Module post init: 
----------
Module saved objects: 170
Module post init: 
----------
Module saved objects: 4
Module post init: 
----------
Module saved objects: 4
Module post init: 
----------
Module saved objects: 14
Module post init: 
----------
Module saved objects: 14
Module post init: 
----------
Module saved objects: 13
Module post init: 
----------
Module saved objects: 425
Module post init: 
----------
Saved objects: 1653