Saved modules: 9
==========
Module saved objects: 32
Module post init: 
----------
Module saved objects: 13
Module post init: 
----------
Module saved objects: 70
Module post init: 
----------
Module saved objects: 22
Module post init: 
----------
Module saved objects: 35
Module post init: 
----------
Module saved objects: 7
Module post init: 
----------
Module saved objects: 12
Module post init: 
----------
Module saved objects: 11
Module post init: 
----------
Module saved objects: 19
Module post init: 
----------
Saved objects: 221