Saved modules: 16
==========
Module saved objects: 3
Module post init: 
----------
Module saved objects: 1
Module post init: 
----------
Module saved objects: 8
Module post init: 
----------
Module saved objects: 7
Module post init: 
----------
Module saved objects: 7
Module post init: 
----------
Module saved objects: 6
Module post init: 
----------
Module saved objects: 12
Module post init: 
----------
Module saved objects: 4
Module post init: 
----------
Module saved objects: 8
Module post init: 
----------
Module saved objects: 15
Module post init: 
----------
Module saved objects: 3
Module post init: 
----------
Module saved objects: 3
Module post init: 
----------
Module saved objects: 4
Module post init: 
----------
Module saved objects: 1
Module post init: 
----------
Module saved objects: 1
Module post init: 
----------
Module saved objects: 3
Module post init: 
----------
Saved objects: 86