Saved modules: 13
==========
Module saved objects: 45
Module post init: 
----------
Module saved objects: 90
Module post init: 
----------
Module saved objects: 68
Module post init: 
----------
Module saved objects: 81
Module post init: 
----------
Module saved objects: 67
Module post init: 
----------
Module saved objects: 28
Module post init: 
----------
Module saved objects: 12
Module post init: 
----------
Module saved objects: 240
Module post init: 
----------
Module saved objects: 240
Module post init: 
----------
Module saved objects: 55
Module post init: 
----------
Module saved objects: 917
Module post init: 
----------
Module saved objects: 6
Module post init: 
----------
Module saved objects: 8
Module post init: 
----------
Saved objects: 1857