Saved modules: 21
==========
Module saved objects: 2
Module post init: 
----------
Module saved objects: 10
Module post init: 
----------
Module saved objects: 10
Module post init: 
----------
Module saved objects: 20
Module post init: 
----------
Module saved objects: 9
Module post init: 
----------
Module saved objects: 19
Module post init: 
----------
Module saved objects: 13
Module post init: 
----------
Module saved objects: 15
Module post init: 
----------
Module saved objects: 1
Module post init: 
----------
Module saved objects: 9
Module post init: 
----------
Module saved objects: 27
Module post init: 
----------
Module saved objects: 37
Module post init: 
----------
Module saved objects: 2
Module post init: 
----------
Module saved objects: 1
Module post init: 
----------
Module saved objects: 35
Module post init: 
----------
Module saved objects: 4
Module post init: 
----------
Module saved objects: 2
Module post init: 
----------
Module saved objects: 1
Module post init: 
----------
Module saved objects: 1
Module post init: 
----------
Module saved objects: 2
Module post init: 
----------
Module saved objects: 4
Module post init: 
----------
Saved objects: 224