Saved modules: 58
==========
Module saved objects: 84
Module post init: 
----------
Module saved objects: 32
Module post init: 
----------
Module saved objects: 46
Module post init: 
----------
Module saved objects: 37
Module post init: 
----------
Module saved objects: 1
Module post init: 
----------
Module saved objects: 239
Module post init: 
----------
Module saved objects: 55
Module post init: 
----------
Module saved objects: 12
Module post init: 
----------
Module saved objects: 20
Module post init: 
----------
Module saved objects: 146
Module post init: 
----------
Module saved objects: 85
Module post init: 
----------
Module saved objects: 43
Module post init: 
----------
Module saved objects: 32
Module post init: 
----------
Module saved objects: 37
Module post init: 
----------
Module saved objects: 3
Module post init: 
----------
Module saved objects: 27
Module post init: 
----------
Module saved objects: 10
Module post init: 
----------
Module saved objects: 168
Module post init: 
----------
Module saved objects: 576
Module post init: 
----------
Module saved objects: 93
Module post init: 
----------
Module saved objects: 290
Module post init: 
----------
Module saved objects: 157
Module post init: 
----------
Module saved objects: 147
Module post init: 
----------
Module saved objects: 196
Module post init: 
----------
Module saved objects: 29
Module post init: 
----------
Module saved objects: 6
Module post init: 
----------
Module saved objects: 67
Module post init: 
----------
Module saved objects: 107
Module post init: 
----------
Module saved objects: 502
Module post init: 
----------
Module saved objects: 108
Module post init: 
----------
Module saved objects: 549
Module post init: 
----------
Module saved objects: 9
Module post init: 
----------
Module saved objects: 116
Module post init: 
----------
Module saved objects: 37
Module post init: 
----------
Module saved objects: 37
Module post init: 
----------
Module saved objects: 56
Module post init: 
----------
Module saved objects: 22
Module post init: 
----------
Module saved objects: 24
Module post init: 
----------
Module saved objects: 4
Module post init: 
----------
Module saved objects: 31
Module post init: 
----------
Module saved objects: 18
Module post init: 
----------
Module saved objects: 23
Module post init: 
----------
Module saved objects: 3
Module post init: 
----------
Module saved objects: 85
Module post init: 
----------
Module saved objects: 18
Module post init: 
----------
Module saved objects: 97
Module post init: 
----------
Module saved objects: 10
Module post init: 
----------
Module saved objects: 46
Module post init: 
----------
Module saved objects: 2
Module post init: 
----------
Module saved objects: 7
Module post init: 
----------
Module saved objects: 5
Module post init: 
----------
Module saved objects: 12
Module post init: 
----------
Module saved objects: 10
Module post init: 
----------
Module saved objects: 2
Module post init: 
----------
Module saved objects: 2
Module post init: 
----------
Module saved objects: 7
Module post init: 
----------
Module saved objects: 15
Module post init: 
----------
Module saved objects: 19
Module post init: 
----------
Saved objects: 4621