Saved modules: 14
==========
Module saved objects: 410
Module post init: 
----------
Module saved objects: 172
Module post init: 
----------
Module saved objects: 20
Module post init: 
----------
Module saved objects: 61
Module post init: 
----------
Module saved objects: 7
Module post init: 
----------
Module saved objects: 215
Module post init: 
----------
Module saved objects: 8
Module post init: 
----------
Module saved objects: 30
Module post init: 
----------
Module saved objects: 32
Module post init: 
----------
Module saved objects: 30
Module post init: 
----------
Module saved objects: 14
Module post init: 
----------
Module saved objects: 17
Module post init: 
----------
Module saved objects: 62
Module post init: 
----------
Module saved objects: 32
Module post init: 
----------
Saved objects: 1110